<?xml version="1.0" encoding="UTF-8"?>
<!-- Generated by org.testng.reporters.JUnitXMLReporter -->
<testsuite ignored="0" hostname="LAPTOP-AI2V30RF" failures="1" tests="3" name="BlazeDemoWebSiteTest" time="9.841" errors="0" timestamp="2022-08-31T22:32:44 IST">
  <testcase classname="Frameworks.tests.BlazeDemoTest" name="verifyThatApplicationDisplaysCorrectDepartureAndDropdownInFlightOptionsPage" time="0.755">
    <skipped/>
  </testcase> <!-- verifyThatApplicationDisplaysCorrectDepartureAndDropdownInFlightOptionsPage -->
  <testcase classname="Frameworks.tests.BlazeDemoTest" name="verifyThatApplicationDisplaysCorrectDepartureAndDropdownInFlightOptionsPage" time="0.819">
    <failure type="java.lang.AssertionError" message="expected [Flights from Paris to Buenos Aires:] but found [Flights from Boston to Rome:]">
      <![CDATA[java.lang.AssertionError: expected [Flights from Paris to Buenos Aires:] but found [Flights from Boston to Rome:]
at Frameworks.tests.BlazeDemoTest.verifyThatApplicationDisplaysCorrectDepartureAndDropdownInFlightOptionsPage(BlazeDemoTest.java:67)
at java.base/java.util.ArrayList.forEach(ArrayList.java:1511)
at java.base/java.util.concurrent.FutureTask.run(FutureTask.java:264)
at java.base/java.util.concurrent.ThreadPoolExecutor.runWorker(ThreadPoolExecutor.java:1136)
at java.base/java.util.concurrent.ThreadPoolExecutor$Worker.run(ThreadPoolExecutor.java:635)
at java.base/java.lang.Thread.run(Thread.java:833)
... Removed 24 stack frames]]>
    </failure>
  </testcase> <!-- verifyThatApplicationDisplaysCorrectDepartureAndDropdownInFlightOptionsPage -->
  <testcase classname="Frameworks.tests.BlazeDemoTest" name="verifyTotalFlightOptionsAreFive" time="0.72"/>
</testsuite> <!-- BlazeDemoWebSiteTest -->
