<!DOCTYPE html PUBLIC "-//W3C//DTD XHTML 1.1//EN" "https://www.w3.org/TR/xhtml11/DTD/xhtml11.dtd">
<html xmlns="https://www.w3.org/1999/xhtml">
<head>
<meta http-equiv="content-type" content="text/html; charset=UTF-8"/>
<title>TestNG Report</title>
<style type="text/css">table {margin-bottom:10px;border-collapse:collapse;empty-cells:show}th,td {border:1px solid #009;padding:.25em .5em}th {vertical-align:bottom}td {vertical-align:top}table a {font-weight:bold}.stripe td {background-color: #E6EBF9}.num {text-align:right}.passedodd td {background-color: #3F3}.passedeven td {background-color: #0A0}.skippedodd td {background-color: #DDD}.skippedeven td {background-color: #CCC}.failedodd td,.attn {background-color: #F33}.failedeven td,.stripe .attn {background-color: #D00}.stacktrace {white-space:pre;font-family:monospace}.totop {font-size:85%;text-align:center;border-bottom:2px solid #000}.invisible {display:none}</style>
</head>
<body>
<table>
<tr><th>Test</th><th># Passed</th><th># Skipped</th><th># Retried</th><th># Failed</th><th>Time (ms)</th><th>Included Groups</th><th>Excluded Groups</th></tr>
<tr><th colspan="8">Suite</th></tr>
<tr><td><a href="#t0">BlazeDemoWebSiteTest</a></td><td class="num">1</td><td class="num">0</td><td class="num attn">1</td><td class="num attn">1</td><td class="num">9,841</td><td></td><td></td></tr>
<tr class="stripe"><td><a href="#t1">BlazeDemoLoginTest</a></td><td class="num">4</td><td class="num">0</td><td class="num">0</td><td class="num">0</td><td class="num">25,247</td><td></td><td></td></tr>
<tr><th>Total</th><th class="num">5</th><th class="num">0</th><th class="num attn">1</th><th class="num attn">1</th><th class="num">35,088</th><th colspan="2"></th></tr>
</table>
<table id='summary'><thead><tr><th>Class</th><th>Method</th><th>Start</th><th>Time (ms)</th></tr></thead><tbody><tr><th colspan="4">Suite</th></tr></tbody><tbody id="t0"><tr><th colspan="4">BlazeDemoWebSiteTest &#8212; failed</th></tr><tr class="failedeven"><td rowspan="1">Frameworks.tests.BlazeDemoTest</td><td><a href="#m0">verifyThatApplicationDisplaysCorrectDepartureAndDropdownInFlightOptionsPage</a></td><td rowspan="1">1661965359674</td><td rowspan="1">819</td></tr><tr><th colspan="4">BlazeDemoWebSiteTest &#8212; retried</th></tr><tr class="retriedeven"><td rowspan="1">Frameworks.tests.BlazeDemoTest</td><td><a href="#m1">verifyThatApplicationDisplaysCorrectDepartureAndDropdownInFlightOptionsPage</a></td><td rowspan="1">1661965356859</td><td rowspan="1">755</td></tr><tr><th colspan="4">BlazeDemoWebSiteTest &#8212; passed</th></tr><tr class="passedeven"><td rowspan="1">Frameworks.tests.BlazeDemoTest</td><td><a href="#m2">verifyTotalFlightOptionsAreFive</a></td><td rowspan="1">1661965362893</td><td rowspan="1">720</td></tr></tbody>
<tbody id="t1"><tr><th colspan="4">BlazeDemoLoginTest &#8212; passed</th></tr><tr class="passedeven"><td rowspan="4">Frameworks.tests.BlazeDemoLoginTest</td><td><a href="#m3">verifyApplicationDisplaysPageExpiredUponLoggingIn</a></td><td rowspan="1">1661965356859</td><td rowspan="1">3201</td></tr><tr class="passedeven"><td><a href="#m4">verifyForgotPasswordPageIsOpeningUponClickingOnForgotPasswordButton</a></td><td rowspan="1">1661965362237</td><td rowspan="1">7291</td></tr><tr class="passedeven"><td><a href="#m5">verifyJsonTestDataTestCase</a></td><td rowspan="2">1661965372062</td><td rowspan="2">2489</td></tr><tr class="passedeven"><td><a href="#m6">verifyJsonTestDataTestCase</a></td></tr></tbody>
</table>
<h2>BlazeDemoWebSiteTest</h2><h3 id="m0">Frameworks.tests.BlazeDemoTest#verifyThatApplicationDisplaysCorrectDepartureAndDropdownInFlightOptionsPage</h3><table class="result"><tr><th>Exception</th></tr><tr><td><div class="stacktrace">java.lang.AssertionError: expected [Flights from Paris to Buenos Aires:] but found [Flights from Boston to Rome:]
	at Frameworks.tests.BlazeDemoTest.verifyThatApplicationDisplaysCorrectDepartureAndDropdownInFlightOptionsPage(BlazeDemoTest.java:67)
	at java.base/java.util.ArrayList.forEach(ArrayList.java:1511)
	at java.base/java.util.concurrent.FutureTask.run(FutureTask.java:264)
	at java.base/java.util.concurrent.ThreadPoolExecutor.runWorker(ThreadPoolExecutor.java:1136)
	at java.base/java.util.concurrent.ThreadPoolExecutor$Worker.run(ThreadPoolExecutor.java:635)
	at java.base/java.lang.Thread.run(Thread.java:833)
... Removed 24 stack frames</div></td></tr></table><p class="totop"><a href="#summary">back to summary</a></p>
<h3 id="m1">Frameworks.tests.BlazeDemoTest#verifyThatApplicationDisplaysCorrectDepartureAndDropdownInFlightOptionsPage</h3><table class="result"><tr><th>Exception</th></tr><tr><td><div class="stacktrace">java.lang.AssertionError: expected [Flights from Paris to Buenos Aires:] but found [Flights from Boston to Rome:]
	at Frameworks.tests.BlazeDemoTest.verifyThatApplicationDisplaysCorrectDepartureAndDropdownInFlightOptionsPage(BlazeDemoTest.java:67)
	at java.base/java.util.ArrayList.forEach(ArrayList.java:1511)
	at java.base/java.util.concurrent.FutureTask.run(FutureTask.java:264)
	at java.base/java.util.concurrent.ThreadPoolExecutor.runWorker(ThreadPoolExecutor.java:1136)
	at java.base/java.util.concurrent.ThreadPoolExecutor$Worker.run(ThreadPoolExecutor.java:635)
	at java.base/java.lang.Thread.run(Thread.java:833)
... Removed 24 stack frames</div></td></tr></table><p class="totop"><a href="#summary">back to summary</a></p>
<h3 id="m2">Frameworks.tests.BlazeDemoTest#verifyTotalFlightOptionsAreFive</h3><table class="result"><tr><th class="invisible"/></tr></table><p class="totop"><a href="#summary">back to summary</a></p>
<h2>BlazeDemoLoginTest</h2><h3 id="m3">Frameworks.tests.BlazeDemoLoginTest#verifyApplicationDisplaysPageExpiredUponLoggingIn</h3><table class="result"><tr class="param"><th>Parameter #1</th><th>Parameter #2</th><th>Parameter #3</th></tr><tr class="param stripe"><td>abc@test.com</td><td>1234</td><td>Page Expired</td></tr></table><p class="totop"><a href="#summary">back to summary</a></p>
<h3 id="m4">Frameworks.tests.BlazeDemoLoginTest#verifyForgotPasswordPageIsOpeningUponClickingOnForgotPasswordButton</h3><table class="result"><tr><th class="invisible"/></tr></table><p class="totop"><a href="#summary">back to summary</a></p>
<h3 id="m5">Frameworks.tests.BlazeDemoLoginTest#verifyJsonTestDataTestCase</h3><table class="result"><tr class="param"><th>Parameter #1</th></tr><tr class="param stripe"><td>{password=1234, text=Page Expired, email=abc@test.com}</td></tr></table><p class="totop"><a href="#summary">back to summary</a></p>
<h3 id="m6">Frameworks.tests.BlazeDemoLoginTest#verifyJsonTestDataTestCase</h3><table class="result"><tr class="param"><th>Parameter #1</th></tr><tr class="param stripe"><td>{password=abcd, text=Page Expired, email=abc@abc.com}</td></tr></table><p class="totop"><a href="#summary">back to summary</a></p>
</body>
</html>
