<?xml version="1.0" encoding="UTF-8"?>
<testng-results retried="1" ignored="0" total="7" passed="5" failed="1" skipped="0">
  <reporter-output>
  </reporter-output>
  <suite started-at="2022-08-31T22:32:33 IST" name="Suite" finished-at="2022-08-31T22:32:59 IST" duration-ms="25247">
    <groups>
    </groups>
    <test started-at="2022-08-31T22:32:33 IST" name="BlazeDemoWebSiteTest" finished-at="2022-08-31T22:32:43 IST" duration-ms="9841">
      <class name="Frameworks.tests.BlazeDemoTest">
        <test-method is-config="true" signature="initializeDriverAndBrowser()[pri:0, instance:Frameworks.tests.BlazeDemoTest@5778826f]" started-at="2022-08-31T22:32:33 IST" name="initializeDriverAndBrowser" finished-at="2022-08-31T22:32:36 IST" duration-ms="2968" status="PASS">
          <reporter-output>
          </reporter-output>
        </test-method> <!-- initializeDriverAndBrowser -->
        <test-method retried="true" signature="verifyThatApplicationDisplaysCorrectDepartureAndDropdownInFlightOptionsPage()[pri:0, instance:Frameworks.tests.BlazeDemoTest@5778826f]" started-at="2022-08-31T22:32:36 IST" name="verifyThatApplicationDisplaysCorrectDepartureAndDropdownInFlightOptionsPage" finished-at="2022-08-31T22:32:37 IST" duration-ms="755" status="SKIP">
          <exception class="java.lang.AssertionError">
            <message>
              <![CDATA[expected [Flights from Paris to Buenos Aires:] but found [Flights from Boston to Rome:]]]>
            </message>
            <full-stacktrace>
              <![CDATA[java.lang.AssertionError: expected [Flights from Paris to Buenos Aires:] but found [Flights from Boston to Rome:]
at org.testng.Assert.fail(Assert.java:110)
at org.testng.Assert.failNotEquals(Assert.java:1413)
at org.testng.Assert.assertEqualsImpl(Assert.java:149)
at org.testng.Assert.assertEquals(Assert.java:131)
at org.testng.Assert.assertEquals(Assert.java:655)
at org.testng.Assert.assertEquals(Assert.java:665)
at Frameworks.tests.BlazeDemoTest.verifyThatApplicationDisplaysCorrectDepartureAndDropdownInFlightOptionsPage(BlazeDemoTest.java:67)
at java.base/jdk.internal.reflect.NativeMethodAccessorImpl.invoke0(Native Method)
at java.base/jdk.internal.reflect.NativeMethodAccessorImpl.invoke(NativeMethodAccessorImpl.java:77)
at java.base/jdk.internal.reflect.DelegatingMethodAccessorImpl.invoke(DelegatingMethodAccessorImpl.java:43)
at java.base/java.lang.reflect.Method.invoke(Method.java:568)
at org.testng.internal.invokers.MethodInvocationHelper.invokeMethod(MethodInvocationHelper.java:135)
at org.testng.internal.invokers.TestInvoker.invokeMethod(TestInvoker.java:673)
at org.testng.internal.invokers.TestInvoker.invokeTestMethod(TestInvoker.java:220)
at org.testng.internal.invokers.MethodRunner.runInSequence(MethodRunner.java:50)
at org.testng.internal.invokers.TestInvoker$MethodInvocationAgent.invoke(TestInvoker.java:945)
at org.testng.internal.invokers.TestInvoker.invokeTestMethods(TestInvoker.java:193)
at org.testng.internal.invokers.TestMethodWorker.invokeTestMethods(TestMethodWorker.java:146)
at org.testng.internal.invokers.TestMethodWorker.run(TestMethodWorker.java:128)
at java.base/java.util.ArrayList.forEach(ArrayList.java:1511)
at org.testng.TestRunner.privateRun(TestRunner.java:808)
at org.testng.TestRunner.run(TestRunner.java:603)
at org.testng.SuiteRunner.runTest(SuiteRunner.java:429)
at org.testng.SuiteRunner.access$000(SuiteRunner.java:32)
at org.testng.SuiteRunner$SuiteWorker.run(SuiteRunner.java:467)
at org.testng.internal.thread.ThreadUtil.lambda$execute$0(ThreadUtil.java:58)
at java.base/java.util.concurrent.FutureTask.run(FutureTask.java:264)
at java.base/java.util.concurrent.ThreadPoolExecutor.runWorker(ThreadPoolExecutor.java:1136)
at java.base/java.util.concurrent.ThreadPoolExecutor$Worker.run(ThreadPoolExecutor.java:635)
at java.base/java.lang.Thread.run(Thread.java:833)
]]>
            </full-stacktrace>
          </exception> <!-- java.lang.AssertionError -->
          <reporter-output>
          </reporter-output>
        </test-method> <!-- verifyThatApplicationDisplaysCorrectDepartureAndDropdownInFlightOptionsPage -->
        <test-method is-config="true" signature="tearDown()[pri:0, instance:Frameworks.tests.BlazeDemoTest@5778826f]" started-at="2022-08-31T22:32:37 IST" name="tearDown" finished-at="2022-08-31T22:32:37 IST" duration-ms="105" status="PASS">
          <reporter-output>
          </reporter-output>
        </test-method> <!-- tearDown -->
        <test-method is-config="true" signature="initializeDriverAndBrowser()[pri:0, instance:Frameworks.tests.BlazeDemoTest@5778826f]" started-at="2022-08-31T22:32:37 IST" name="initializeDriverAndBrowser" finished-at="2022-08-31T22:32:39 IST" duration-ms="1953" status="PASS">
          <reporter-output>
          </reporter-output>
        </test-method> <!-- initializeDriverAndBrowser -->
        <test-method signature="verifyThatApplicationDisplaysCorrectDepartureAndDropdownInFlightOptionsPage()[pri:0, instance:Frameworks.tests.BlazeDemoTest@5778826f]" started-at="2022-08-31T22:32:39 IST" name="verifyThatApplicationDisplaysCorrectDepartureAndDropdownInFlightOptionsPage" finished-at="2022-08-31T22:32:40 IST" duration-ms="819" status="FAIL">
          <exception class="java.lang.AssertionError">
            <message>
              <![CDATA[expected [Flights from Paris to Buenos Aires:] but found [Flights from Boston to Rome:]]]>
            </message>
            <full-stacktrace>
              <![CDATA[java.lang.AssertionError: expected [Flights from Paris to Buenos Aires:] but found [Flights from Boston to Rome:]
at org.testng.Assert.fail(Assert.java:110)
at org.testng.Assert.failNotEquals(Assert.java:1413)
at org.testng.Assert.assertEqualsImpl(Assert.java:149)
at org.testng.Assert.assertEquals(Assert.java:131)
at org.testng.Assert.assertEquals(Assert.java:655)
at org.testng.Assert.assertEquals(Assert.java:665)
at Frameworks.tests.BlazeDemoTest.verifyThatApplicationDisplaysCorrectDepartureAndDropdownInFlightOptionsPage(BlazeDemoTest.java:67)
at java.base/jdk.internal.reflect.NativeMethodAccessorImpl.invoke0(Native Method)
at java.base/jdk.internal.reflect.NativeMethodAccessorImpl.invoke(NativeMethodAccessorImpl.java:77)
at java.base/jdk.internal.reflect.DelegatingMethodAccessorImpl.invoke(DelegatingMethodAccessorImpl.java:43)
at java.base/java.lang.reflect.Method.invoke(Method.java:568)
at org.testng.internal.invokers.MethodInvocationHelper.invokeMethod(MethodInvocationHelper.java:135)
at org.testng.internal.invokers.TestInvoker.invokeMethod(TestInvoker.java:673)
at org.testng.internal.invokers.TestInvoker.retryFailed(TestInvoker.java:262)
at org.testng.internal.invokers.MethodRunner.runInSequence(MethodRunner.java:62)
at org.testng.internal.invokers.TestInvoker$MethodInvocationAgent.invoke(TestInvoker.java:945)
at org.testng.internal.invokers.TestInvoker.invokeTestMethods(TestInvoker.java:193)
at org.testng.internal.invokers.TestMethodWorker.invokeTestMethods(TestMethodWorker.java:146)
at org.testng.internal.invokers.TestMethodWorker.run(TestMethodWorker.java:128)
at java.base/java.util.ArrayList.forEach(ArrayList.java:1511)
at org.testng.TestRunner.privateRun(TestRunner.java:808)
at org.testng.TestRunner.run(TestRunner.java:603)
at org.testng.SuiteRunner.runTest(SuiteRunner.java:429)
at org.testng.SuiteRunner.access$000(SuiteRunner.java:32)
at org.testng.SuiteRunner$SuiteWorker.run(SuiteRunner.java:467)
at org.testng.internal.thread.ThreadUtil.lambda$execute$0(ThreadUtil.java:58)
at java.base/java.util.concurrent.FutureTask.run(FutureTask.java:264)
at java.base/java.util.concurrent.ThreadPoolExecutor.runWorker(ThreadPoolExecutor.java:1136)
at java.base/java.util.concurrent.ThreadPoolExecutor$Worker.run(ThreadPoolExecutor.java:635)
at java.base/java.lang.Thread.run(Thread.java:833)
]]>
            </full-stacktrace>
          </exception> <!-- java.lang.AssertionError -->
          <reporter-output>
          </reporter-output>
        </test-method> <!-- verifyThatApplicationDisplaysCorrectDepartureAndDropdownInFlightOptionsPage -->
        <test-method is-config="true" signature="tearDown()[pri:0, instance:Frameworks.tests.BlazeDemoTest@5778826f]" started-at="2022-08-31T22:32:40 IST" name="tearDown" finished-at="2022-08-31T22:32:40 IST" duration-ms="67" status="PASS">
          <reporter-output>
          </reporter-output>
        </test-method> <!-- tearDown -->
        <test-method is-config="true" signature="initializeDriverAndBrowser()[pri:0, instance:Frameworks.tests.BlazeDemoTest@5778826f]" started-at="2022-08-31T22:32:40 IST" name="initializeDriverAndBrowser" finished-at="2022-08-31T22:32:42 IST" duration-ms="2183" status="PASS">
          <reporter-output>
          </reporter-output>
        </test-method> <!-- initializeDriverAndBrowser -->
        <test-method signature="verifyTotalFlightOptionsAreFive()[pri:0, instance:Frameworks.tests.BlazeDemoTest@5778826f]" started-at="2022-08-31T22:32:42 IST" name="verifyTotalFlightOptionsAreFive" finished-at="2022-08-31T22:32:43 IST" duration-ms="720" status="PASS">
          <reporter-output>
          </reporter-output>
        </test-method> <!-- verifyTotalFlightOptionsAreFive -->
        <test-method is-config="true" signature="tearDown()[pri:0, instance:Frameworks.tests.BlazeDemoTest@5778826f]" started-at="2022-08-31T22:32:43 IST" name="tearDown" finished-at="2022-08-31T22:32:43 IST" duration-ms="92" status="PASS">
          <reporter-output>
          </reporter-output>
        </test-method> <!-- tearDown -->
      </class> <!-- Frameworks.tests.BlazeDemoTest -->
    </test> <!-- BlazeDemoWebSiteTest -->
    <test started-at="2022-08-31T22:32:33 IST" name="BlazeDemoLoginTest" finished-at="2022-08-31T22:32:59 IST" duration-ms="25247">
      <class name="Frameworks.tests.BlazeDemoLoginTest">
        <test-method is-config="true" signature="initializeDriverAndBrowser()[pri:0, instance:Frameworks.tests.BlazeDemoLoginTest@10650953]" started-at="2022-08-31T22:32:33 IST" name="initializeDriverAndBrowser" finished-at="2022-08-31T22:32:36 IST" duration-ms="2967" status="PASS">
          <reporter-output>
          </reporter-output>
        </test-method> <!-- initializeDriverAndBrowser -->
        <test-method signature="verifyApplicationDisplaysPageExpiredUponLoggingIn(java.lang.String,java.lang.String,java.lang.String)[pri:0, instance:Frameworks.tests.BlazeDemoLoginTest@10650953]" started-at="2022-08-31T22:32:36 IST" name="verifyApplicationDisplaysPageExpiredUponLoggingIn" data-provider="getData" finished-at="2022-08-31T22:32:40 IST" duration-ms="3201" status="PASS">
          <params>
            <param index="0">
              <value>
                <![CDATA[abc@test.com]]>
              </value>
            </param>
            <param index="1">
              <value>
                <![CDATA[1234]]>
              </value>
            </param>
            <param index="2">
              <value>
                <![CDATA[Page Expired]]>
              </value>
            </param>
          </params>
          <reporter-output>
          </reporter-output>
        </test-method> <!-- verifyApplicationDisplaysPageExpiredUponLoggingIn -->
        <test-method is-config="true" signature="tearDown()[pri:0, instance:Frameworks.tests.BlazeDemoLoginTest@10650953]" started-at="2022-08-31T22:32:40 IST" name="tearDown" finished-at="2022-08-31T22:32:40 IST" duration-ms="110" status="PASS">
          <reporter-output>
          </reporter-output>
        </test-method> <!-- tearDown -->
        <test-method is-config="true" signature="initializeDriverAndBrowser()[pri:0, instance:Frameworks.tests.BlazeDemoLoginTest@10650953]" started-at="2022-08-31T22:32:40 IST" name="initializeDriverAndBrowser" finished-at="2022-08-31T22:32:42 IST" duration-ms="2057" status="PASS">
          <reporter-output>
          </reporter-output>
        </test-method> <!-- initializeDriverAndBrowser -->
        <test-method signature="verifyForgotPasswordPageIsOpeningUponClickingOnForgotPasswordButton()[pri:0, instance:Frameworks.tests.BlazeDemoLoginTest@10650953]" started-at="2022-08-31T22:32:42 IST" name="verifyForgotPasswordPageIsOpeningUponClickingOnForgotPasswordButton" finished-at="2022-08-31T22:32:49 IST" duration-ms="7291" status="PASS">
          <reporter-output>
          </reporter-output>
        </test-method> <!-- verifyForgotPasswordPageIsOpeningUponClickingOnForgotPasswordButton -->
        <test-method is-config="true" signature="tearDown()[pri:0, instance:Frameworks.tests.BlazeDemoLoginTest@10650953]" started-at="2022-08-31T22:32:49 IST" name="tearDown" finished-at="2022-08-31T22:32:49 IST" duration-ms="152" status="PASS">
          <reporter-output>
          </reporter-output>
        </test-method> <!-- tearDown -->
        <test-method is-config="true" signature="initializeDriverAndBrowser()[pri:0, instance:Frameworks.tests.BlazeDemoLoginTest@10650953]" started-at="2022-08-31T22:32:50 IST" name="initializeDriverAndBrowser" finished-at="2022-08-31T22:32:52 IST" duration-ms="2024" status="PASS">
          <reporter-output>
          </reporter-output>
        </test-method> <!-- initializeDriverAndBrowser -->
        <test-method signature="verifyJsonTestDataTestCase(java.util.HashMap)[pri:0, instance:Frameworks.tests.BlazeDemoLoginTest@10650953]" started-at="2022-08-31T22:32:52 IST" name="verifyJsonTestDataTestCase" data-provider="getDataJson" finished-at="2022-08-31T22:32:54 IST" duration-ms="2489" status="PASS">
          <params>
            <param index="0">
              <value>
                <![CDATA[{password=1234, text=Page Expired, email=abc@test.com}]]>
              </value>
            </param>
          </params>
          <reporter-output>
          </reporter-output>
        </test-method> <!-- verifyJsonTestDataTestCase -->
        <test-method is-config="true" signature="tearDown()[pri:0, instance:Frameworks.tests.BlazeDemoLoginTest@10650953]" started-at="2022-08-31T22:32:54 IST" name="tearDown" finished-at="2022-08-31T22:32:54 IST" duration-ms="97" status="PASS">
          <reporter-output>
          </reporter-output>
        </test-method> <!-- tearDown -->
        <test-method is-config="true" signature="initializeDriverAndBrowser()[pri:0, instance:Frameworks.tests.BlazeDemoLoginTest@10650953]" started-at="2022-08-31T22:32:54 IST" name="initializeDriverAndBrowser" finished-at="2022-08-31T22:32:56 IST" duration-ms="1919" status="PASS">
          <reporter-output>
          </reporter-output>
        </test-method> <!-- initializeDriverAndBrowser -->
        <test-method signature="verifyJsonTestDataTestCase(java.util.HashMap)[pri:0, instance:Frameworks.tests.BlazeDemoLoginTest@10650953]" started-at="2022-08-31T22:32:56 IST" name="verifyJsonTestDataTestCase" data-provider="getDataJson" finished-at="2022-08-31T22:32:58 IST" duration-ms="2414" status="PASS">
          <params>
            <param index="0">
              <value>
                <![CDATA[{password=abcd, text=Page Expired, email=abc@abc.com}]]>
              </value>
            </param>
          </params>
          <reporter-output>
          </reporter-output>
        </test-method> <!-- verifyJsonTestDataTestCase -->
        <test-method is-config="true" signature="tearDown()[pri:0, instance:Frameworks.tests.BlazeDemoLoginTest@10650953]" started-at="2022-08-31T22:32:58 IST" name="tearDown" finished-at="2022-08-31T22:32:59 IST" duration-ms="132" status="PASS">
          <reporter-output>
          </reporter-output>
        </test-method> <!-- tearDown -->
      </class> <!-- Frameworks.tests.BlazeDemoLoginTest -->
    </test> <!-- BlazeDemoLoginTest -->
  </suite> <!-- Suite -->
</testng-results>
